<?xml version="1.0" encoding="UTF-8"?>
<!-- Generated by org.testng.reporters.JUnitReportReporter -->
<testsuite skipped="0" hostname="DESKTOP-4PCRIC2" name="Sumanmvn.SumanTest" tests="1" failures="0" timestamp="10 Aug 2019 05:49:26 GMT" time="0.024" errors="0">
  <testcase name="suman1" time="0.024" classname="Sumanmvn.SumanTest"/>
</testsuite> <!-- Sumanmvn.SumanTest -->
