<?xml version="1.0" encoding="UTF-8"?>
<!-- Generated by org.testng.reporters.JUnitReportReporter -->
<testsuite skipped="1" hostname="DESKTOP-4PCRIC2" name="Sumanmaven.SumanfirstTest" tests="3" failures="0" timestamp="10 Aug 2019 06:25:54 GMT" time="0.016" errors="0">
  <testcase name="TC1" time="0.016" classname="Sumanmaven.SumanfirstTest"/>
  <testcase name="TC3" time="0.000" classname="Sumanmaven.SumanfirstTest"/>
  <testcase name="TC2" classname="Sumanmaven.SumanfirstTest">
    <skipped/>
  </testcase> <!-- TC2 -->
</testsuite> <!-- Sumanmaven.SumanfirstTest -->
